<?xml version="1.0" encoding="UTF-8"?>
<testsuite name="GeometricalForms" tests="1" skipped="0" failures="0" errors="0" timestamp="2022-06-07T15:07:09" hostname="DANIEL" time="0.016">
  <properties/>
  <testcase name="should_returnLine_when_TwoPointsAreGive()" classname="GeometricalForms" time="0.016"/>
  <system-out><![CDATA[]]></system-out>
  <system-err><![CDATA[]]></system-err>
</testsuite>
